<?xml version="1.0" encoding="UTF-8"?>
<!-- Generated by org.testng.reporters.JUnitXMLReporter -->
<testsuite ignored="0" hostname="a-s-n526" failures="0" tests="4" name="Get Special offers List APIs" time="5.093" errors="0" timestamp="2026-06-30T07:19:28 IST">
  <testcase classname="Tests.GetSpecialOfferListTest" name="getSpecialOfferList" time="1.149"/>
  <testcase classname="Tests.GetSpecialOfferListTest" name="validateItemsResponse" time="1.329"/>
  <testcase classname="Tests.GetSpecialOfferListTest" name="validateFirstItemDetails" time="1.29"/>
  <testcase classname="Tests.GetSpecialOfferListTest" name="validateMandatoryFieldsForAllItems" time="1.321"/>
</testsuite> <!-- Get Special offers List APIs -->
