<?xml version="1.0" encoding="UTF-8"?>
<!-- Generated by org.testng.reporters.JUnitXMLReporter -->
<testsuite ignored="0" hostname="a-s-n526" failures="0" tests="4" name="Get Special offers List APIs" time="5.452" errors="0" timestamp="2026-06-30T07:08:47 IST">
  <testcase classname="Tests.GetSpecialOfferListTest" name="getSpecialOfferList" time="1.36"/>
  <testcase classname="Tests.GetSpecialOfferListTest" name="validateItemsResponse" time="1.518"/>
  <testcase classname="Tests.GetSpecialOfferListTest" name="validateFirstItemDetails" time="1.374"/>
  <testcase classname="Tests.GetSpecialOfferListTest" name="validateMandatoryFieldsForAllItems" time="1.191"/>
</testsuite> <!-- Get Special offers List APIs -->
