<?xml version="1.0" encoding="UTF-8"?>
<!-- Generated by org.testng.reporters.JUnitXMLReporter -->
<testsuite ignored="0" hostname="a-s-n526" failures="0" tests="5" name="User APIs" time="14.28" errors="0" timestamp="2026-06-28T09:03:46 IST">
  <testcase classname="Tests.GetUserProfileTest" name="getUserProfileVerifySuccessfulResponse" time="2.042"/>
  <testcase classname="Tests.GetUserProfileTest" name="getUserProfileValidateResponseSchema" time="1.97"/>
  <testcase classname="Tests.GetUserProfileTest" name="getUserProfileValidateEmailFormat" time="1.409"/>
  <testcase classname="Tests.GetUserProfileTest" name="getUserProfileValidatePhoneNumberFormat" time="1.669"/>
  <testcase classname="Tests.GetUserProfileTest" name="getUserProfileValidateEnumValues" time="1.411"/>
</testsuite> <!-- User APIs -->
