<?xml version="1.0" encoding="UTF-8"?>
<testsuite xmlns:xsi="http://www.w3.org/2001/XMLSchema-instance" xsi:noNamespaceSchemaLocation="https://maven.apache.org/surefire/maven-surefire-plugin/xsd/surefire-test-report-3.0.xsd" version="3.0" name="TestSuite" time="27.842" tests="14" errors="0" skipped="0" failures="0">
  <properties>
[...]
</properties>
  <testcase name="getUserProfileVerifySuccessfulResponse" classname="Tests.GetUserProfileTest" time="1.273">
    <system-out><![CDATA[🔄 Token expired. Regenerating...
Test Pass-: Get Success response with valid Headers
]]></system-out>
    <system-err><![CDATA[SLF4J: Failed to load class "org.slf4j.impl.StaticLoggerBinder".
SLF4J: Defaulting to no-operation (NOP) logger implementation
SLF4J: See http://www.slf4j.org/codes.html#StaticLoggerBinder for further details.
]]></system-err>
  </testcase>
  <testcase name="getUserProfileValidateResponseSchema" classname="Tests.GetUserProfileTest" time="1.595">
    <system-out><![CDATA[Test Pass-: Response schema is Correct
]]></system-out>
  </testcase>
  <testcase name="getUserProfileValidateEmailFormat" classname="Tests.GetUserProfileTest" time="1.156">
    <system-out><![CDATA[Test Pass-: Email having Correct Format
]]></system-out>
  </testcase>
  <testcase name="getUserProfileValidatePhoneNumberFormat" classname="Tests.GetUserProfileTest" time="1.364">
    <system-out><![CDATA[Test Pass-: Phone Number is in Correct format and having valid country Code
]]></system-out>
  </testcase>
  <testcase name="getUserProfileValidateEnumValues" classname="Tests.GetUserProfileTest" time="1.222">
    <system-out><![CDATA[Test Pass-: Enum fields having correct values
]]></system-out>
  </testcase>
  <testcase name="AddAddressTest" classname="Tests.AddUserAddressTest" time="1.293">
    <system-out><![CDATA[Test Pass-: New Address added sucessfully
]]></system-out>
  </testcase>
  <testcase name="getUserAddressList" classname="Tests.GetUserAddressTest" time="1.224">
    <system-out><![CDATA[Test Pass-: User Address List fetched successfully
]]></system-out>
  </testcase>
  <testcase name="DeleteUserAddressById" classname="Tests.DeleteUserAddressTest" time="2.655">
    <system-out><![CDATA[Id 578
Test Pass-: Address 578 deleted sucessfully
]]></system-out>
  </testcase>
  <testcase name="getCategoriesList" classname="Tests.GetCategoriesListTest" time="1.274">
    <system-out><![CDATA[Test Pass-: Categories List fetched successfully
]]></system-out>
  </testcase>
  <testcase name="GetSubCategoriesList" classname="Tests.GetSubCategoriesListTest" time="4.079">
    <system-out><![CDATA[Category Name-:  Vitamin & Supplements
List of Sub categories belongs to-:  Vitamin & Supplements
Test Pass-: Sub Categories List fetched successfully
]]></system-out>
  </testcase>
  <testcase name="getSpecialOfferList" classname="Tests.GetSpecialOfferListTest" time="1.369">
    <system-out><![CDATA[Test Pass-: Special Offers List fetched successfully
{
    "statusCode": 200,
    "message": "en, en.DEFAULT",
    "data": {
        "items": [
            {
                "id": "58",
                "nameEn": "Talya Hair Care Hair Oil",
                "namear": "زيت الشعر تاليا للعناية بالشعر",
                "price": "10.00",
                "discount": "50.00",
                "priceAfterDiscount": "5.00",
                "promotionType": null,
                "displayOrder": 5,
                "images": [
                    
                ],
                "brandNameEn": "Dr. Browns",
                "brandNameAr": "دكتور براونز",
                "brandId": "26",
                "isForce2Hr": false,
                "metric": "80",
                "metricUnit": "mL",
                "bannerImage": {
                    "type": "image",
                    "imageId": null,
                    "mediaUrl": "logo/1762317018618_Talya_Hair_Care_Hair_Oil.jpeg",
                    "mediaName": "1762317018618_Talya_Hair_Care_Hair_Oil.jpeg"
                },
                "SKU": "383830",
                "inCart": true,
                "cartQuantity": 1,
                "ratingAverage": "3.00",
                "itemId": "IT1762317022819",
                "isPOM": false,
                "is3rdParty": false,
                "maxLimitPerItem": 10,
                "imcWeight": "28.85",
                "salesFrequency30": "0",
                "priority": 1
            },
            {
                "id": "150",
                "nameEn": "Eucerin Hyaluron Filler Vitamin C Boost Serum",
                "namear": "يوسيرين سيروم فيتامين سى",
                "price": "79.08",
                "discount": "30.00",
                "priceAfterDiscount": "55.36",
                "promotionType": null,
                "displayOrder": 1048,
                "images": [
                    
                ],
                "brandNameEn": "EUCERIN",
                "brandNameAr": "يوسيرين",
                "brandId": "10",
                "isForce2Hr": false,
                "metric": "7.5",
                "metricUnit": "mL",
                "bannerImage": {
                    "id": "273",
                    "type": "IMAGE",
                    "status": "ACTIVE",
                    "mediaId": "MD17682958808900",
                    "mediaUrl": "library/nobrand.jpg",
                    "createdAt": "2026-01-13T09:18:00.892Z",
                    "createdBy": "29",
                    "deletedBy": null,
                    "mediaName": "nobrand.jpg",
                    "updatedAt": "2026-01-13T09:18:00.892Z",
                    "updatedBy": null
                },
                "SKU": "58692",
                "inCart": false,
                "cartQuantity": 0,
                "ratingAverage": "5.00",
                "itemId": "IT564747ADB0DC0",
                "isPOM": false,
                "is3rdParty": false,
                "maxLimitPerItem": 15,
                "imcWeight": "13.69",
                "salesFrequency30": "0",
                "priority": 1
            },
            {
                "id": "65",
                "nameEn": "Aloe Vera Body Lotion",
                "namear": "لوشن الجسم بالألوفيرا",
                "price": "100.00",
                "discount": "0.00",
                "priceAfterDiscount": "100.00",
                "promotionType": "B3_G1",
                "displayOrder": 67,
                "images": [
                    {
                        "type": "image",
                        "imageId": null,
                        "mediaUrl": "logo/1762401579332_Aloe_Vera_Body_Lotion.jpg",
                        "mediaName": "1762401579332_Aloe_Vera_Body_Lotion.jpg",
                        "uploadType": "ITEM"
                    }
                ],
                "brandNameEn": "NOVALAC",
                "brandNameAr": "نوفالاك",
                "brandId": "17",
                "isForce2Hr": false,
                "metric": "200",
                "metricUnit": "mL",
                "bannerImage": {
                    "type": "image",
                    "imageId": null,
                    "mediaUrl": "logo/1762401579332_Aloe_Vera_Body_Lotion.jpg",
                    "mediaName": "1762401579332_Aloe_Vera_Body_Lotion.jpg"
                },
                "SKU": "36772",
                "inCart": false,
                "cartQuantity": 0,
                "ratingAverage": "4.00",
                "itemId": "IT1762401583638",
                "isPOM": false,
                "is3rdParty": false,
                "maxLimitPerItem": 15,
                "imcWeight": "13.26",
                "salesFrequency30": "0",
                "priority": 1
            },
            {
                "id": "41",
                "nameEn": "Vitamin B12",
                "namear": "فيتامين ب12",
                "price": "100.00",
                "discount": "0.00",
                "priceAfterDiscount": "100.00",
                "promotionType": "B3_G1",
                "displayOrder": 129,
                "images": [
                    {
                        "type": "image",
                        "imageId": null,
                        "mediaUrl": "logo/1761636055456_21427.jpg",
                        "mediaName": "1761636055456_21427.jpg",
                        "uploadType": "ITEM"
                    }
                ],
                "brandNameEn": "LIERAC",
                "brandNameAr": "ليراك",
                "brandId": "16",
                "isForce2Hr": false,
                "metric": "2",
                "metricUnit": "Dose",
                "bannerImage": {
                    "type": "image",
                    "imageId": null,
                    "mediaUrl": "logo/1761636055455_21427.jpg",
                    "mediaName": "1761636055455_21427.jpg"
                },
                "SKU": "11003",
                "inCart": false,
                "cartQuantity": 0,
                "ratingAverage": null,
                "itemId": "IT1761636059334",
                "isPOM": false,
                "is3rdParty": false,
                "maxLimitPerItem": 9,
                "imcWeight": "11.67",
                "salesFrequency30": "0",
                "priority": 1
            },
            {
                "id": "151",
                "nameEn": "Eucerin Hyaluron Filler + Elasticity Night Cream",
                "namear": "يوسيرين  كريم ليلي مضاد للتجاعيد",
                "price": "124.00",
                "discount": "30.00",
                "priceAfterDiscount": "86.80",
                "promotionType": null,
                "displayOrder": 1067,
                "images": [
                    
                ],
                "brandNameEn": "EUCERIN",
                "brandNameAr": "يوسيرين",
                "brandId": "10",
                "isForce2Hr": false,
                "metric": "45",
                "metricUnit": "mL",
                "bannerImage": {
                    "id": "273",
                    "type": "IMAGE",
                    "status": "ACTIVE",
                    "mediaId": "MD17682958808900",
                    "mediaUrl": "library/nobrand.jpg",
                    "createdAt": "2026-01-13T09:18:00.892Z",
                    "createdBy": "29",
                    "deletedBy": null,
                    "mediaName": "nobrand.jpg",
                    "updatedAt": "2026-01-13T09:18:00.892Z",
                    "updatedBy": null
                },
                "SKU": "55203",
                "inCart": false,
                "cartQuantity": 0,
                "ratingAverage": null,
                "itemId": "IT19454795BFC7A",
                "isPOM": false,
                "is3rdParty": false,
                "maxLimitPerItem": 15,
                "imcWeight": "8.21",
                "salesFrequency30": "0",
                "priority": 1
            },
            {
                "id": "68",
                "nameEn": "Hair Oil",
                "namear": "زيت الشعر",
                "price": "5600.39",
                "discount": "50.00",
                "priceAfterDiscount": "2800.20",
                "promotionType": "",
                "displayOrder": 9,
                "images": [
                    {
                        "type": "video",
                        "imageId": null,
                        "mediaUrl": "logo/1767706612590_file_example_MP4_480_1_5MG.mp4",
                        "mediaName": "1767706612590_file_example_MP4_480_1_5MG.mp4",
                        "uploadType": "ITEM"
                    },
                    {
                        "type": "IMAGE",
                        "imageId": "267",
                        "mediaUrl": "library/8tcpldox.jpg",
                        "mediaName": "21254.jpg",
                        "uploadType": "ITEM"
                    },
                    {
                        "type": "IMAGE",
                        "imageId": "265",
                        "mediaUrl": "library/zejbe0w4.jpg",
                        "mediaName": "27138.jpg",
                        "uploadType": "ITEM"
                    },
                    {
                        "type": "IMAGE",
                        "imageId": "264",
                        "mediaUrl": "library/j9qyur8e.png",
                        "mediaName": "Specialty Supplements.png",
                        "uploadType": "ITEM"
                    },
                    {
                        "type": "IMAGE",
                        "imageId": "182",
                        "mediaUrl": "library/twb6jy0f.jpg",
                        "mediaName": "fracture.jpg",
                        "uploadType": "ITEM"
                    },
                    {
                        "type": "IMAGE",
                        "imageId": "185",
                        "mediaUrl": "library/dfyaozdh.png",
                        "mediaName": "Pregnancy Test.png",
                        "uploadType": "ITEM"
                    },
                    {
                        "type": "IMAGE",
                        "imageId": "215",
                        "mediaUrl": "library/wzckrd1v.png",
                        "mediaName": "Other Medications.png",
                        "uploadType": "ITEM"
                    }
                ],
                "brandNameEn": "APPLIED NUTRITION",
                "brandNameAr": "التغذية التطبيقية",
                "brandId": "6",
                "isForce2Hr": true,
                "metric": "250",
                "metricUnit": "mL",
                "bannerImage": {
                    "type": "image",
                    "imageId": null,
                    "mediaUrl": "logo/1767691297822_hair_oilcc.jpg",
                    "mediaName": "1767691297822_hair_oilcc.jpg"
                },
                "SKU": "99390",
                "inCart": false,
                "cartQuantity": 0,
                "ratingAverage": "4.33",
                "itemId": "IT1762403581028",
                "isPOM": true,
                "is3rdParty": true,
                "maxLimitPerItem": 15,
                "imcWeight": "7.89",
                "salesFrequency30": "0",
                "priority": 1
            },
            {
                "id": "66",
                "nameEn": "Sunscreen SPF 50",
                "namear": "واقي شمس بمعامل حماية 50",
                "price": "200.00",
                "discount": "50.00",
                "priceAfterDiscount": "100.00",
                "promotionType": "",
                "displayOrder": 69,
                "images": [
                    {
                        "type": "image",
                        "imageId": null,
                        "mediaUrl": "logo/1762402160400_suncreamspf.jpg",
                        "mediaName": "1762402160400_suncreamspf.jpg",
                        "uploadType": "ITEM"
                    }
                ],
                "brandNameEn": "NOVALAC",
                "brandNameAr": "نوفالاك",
                "brandId": "17",
                "isForce2Hr": false,
                "metric": "300",
                "metricUnit": "mL",
                "bannerImage": {
                    "type": "image",
                    "imageId": null,
                    "mediaUrl": "logo/1762402160399_suncreamspf.jpg",
                    "mediaName": "1762402160399_suncreamspf.jpg"
                },
                "SKU": "388380",
                "inCart": false,
                "cartQuantity": 0,
                "ratingAverage": "3.00",
                "itemId": "IT1762402165018",
                "isPOM": false,
                "is3rdParty": false,
                "maxLimitPerItem": 15,
                "imcWeight": "6.46",
                "salesFrequency30": "0",
                "priority": 1
            },
            {
                "id": "57",
                "nameEn": "Summer Hair Care Kit",
                "namear": "مجموعة العناية بالشعر في الصيف",
                "price": "3990.00",
                "discount": "0.00",
                "priceAfterDiscount": "3990.00",
                "promotionType": "B1_G1",
                "displayOrder": 19,
                "images": [
                    {
                        "type": "image",
                        "imageId": null,
                        "mediaUrl": "logo/1762316779622_Summer_Hair_Care_Kit.jpeg",
                        "mediaName": "1762316779622_Summer_Hair_Care_Kit.jpeg",
                        "uploadType": "ITEM"
                    }
                ],
                "brandNameEn": "Dr. Browns",
                "brandNameAr": "دكتور براونز",
                "brandId": "26",
                "isForce2Hr": false,
                "metric": "1",
                "metricUnit": "Box",
                "bannerImage": {
                    "type": "image",
                    "imageId": null,
                    "mediaUrl": "logo/1762316779622_Summer_Hair_Care_Kit.jpeg",
                    "mediaName": "1762316779622_Summer_Hair_Care_Kit.jpeg"
                },
                "SKU": "38833",
                "inCart": false,
                "cartQuantity": 0,
                "ratingAverage": null,
                "itemId": "IT1762316783502",
                "isPOM": false,
                "is3rdParty": false,
                "maxLimitPerItem": 15,
                "imcWeight": "6.24",
                "salesFrequency30": "0",
                "priority": 1
            },
            {
                "id": "67",
                "nameEn": "Hair Serum",
                "namear": "سيروم الشعر",
                "price": "55.00",
                "discount": "0.00",
                "priceAfterDiscount": "55.00",
                "promotionType": null,
                "displayOrder": 19,
                "images": [
                    {
                        "type": "image",
                        "imageId": null,
                        "mediaUrl": "logo/1762402775795_hair_serum.jpg",
                        "mediaName": "1762402775795_hair_serum.jpg",
                        "uploadType": "ITEM"
                    },
                    {
                        "type": "IMAGE",
                        "imageId": "269",
                        "mediaUrl": "library/32381_7182.jpg.png",
                        "mediaName": "32381_7182.jpg.png",
                        "uploadType": "ITEM"
                    },
                    {
                        "type": "IMAGE",
                        "imageId": "268",
                        "mediaUrl": "library/0yjcdfg1.jpg",
                        "mediaName": "35889.jpg",
                        "uploadType": "ITEM"
                    },
                    {
                        "type": "IMAGE",
                        "imageId": "267",
                        "mediaUrl": "library/8tcpldox.jpg",
                        "mediaName": "21254.jpg",
                        "uploadType": "ITEM"
                    },
                    {
                        "type": "IMAGE",
                        "imageId": "265",
                        "mediaUrl": "library/zejbe0w4.jpg",
                        "mediaName": "27138.jpg",
                        "uploadType": "ITEM"
                    },
                    {
                        "type": "IMAGE",
                        "imageId": "266",
                        "mediaUrl": "library/adkono9o.jpg",
                        "mediaName": "23367.jpg",
                        "uploadType": "ITEM"
                    },
                    {
                        "type": "IMAGE",
                        "imageId": "264",
                        "mediaUrl": "library/j9qyur8e.png",
                        "mediaName": "Specialty Supplements.png",
                        "uploadType": "ITEM"
                    },
                    {
                        "type": "IMAGE",
                        "imageId": "182",
                        "mediaUrl": "library/twb6jy0f.jpg",
                        "mediaName": "fracture.jpg",
                        "uploadType": "ITEM"
                    },
                    {
                        "type": "IMAGE",
                        "imageId": "185",
                        "mediaUrl": "library/dfyaozdh.png",
                        "mediaName": "Pregnancy Test.png",
                        "uploadType": "ITEM"
                    },
                    {
                        "type": "IMAGE",
                        "imageId": "215",
                        "mediaUrl": "library/wzckrd1v.png",
                        "mediaName": "Other Medications.png",
                        "uploadType": "ITEM"
                    }
                ],
                "brandNameEn": "Dr. Browns",
                "brandNameAr": "دكتور براونز",
                "brandId": "26",
                "isForce2Hr": false,
                "metric": "200",
                "metricUnit": "mL",
                "bannerImage": {
                    "type": "image",
                    "imageId": null,
                    "mediaUrl": "logo/1762402775795_hair_serum.jpg",
                    "mediaName": "1762402775795_hair_serum.jpg"
                },
                "SKU": "92929",
                "inCart": false,
                "cartQuantity": 0,
                "ratingAverage": null,
                "itemId": "IT1762402780830",
                "isPOM": false,
                "is3rdParty": false,
                "maxLimitPerItem": 15,
                "imcWeight": "5.24",
                "salesFrequency30": "0",
                "priority": 1
            },
            {
                "id": "143",
                "nameEn": "Eucerin Ph5 Wash Lotion 400Ml",
                "namear": "يوسيرين اللوشن المنظف للبشره الحساسه",
                "price": "89.00",
                "discount": "0.00",
                "priceAfterDiscount": "89.00",
                "promotionType": null,
                "displayOrder": 1109,
                "images": [
                    
                ],
                "brandNameEn": "EUCERIN",
                "brandNameAr": "يوسيرين",
                "brandId": "10",
                "isForce2Hr": false,
                "metric": "50",
                "metricUnit": "mL",
                "bannerImage": {
                    "id": "273",
                    "type": "IMAGE",
                    "status": "ACTIVE",
                    "mediaId": "MD17682958808900",
                    "mediaUrl": "library/nobrand.jpg",
                    "createdAt": "2026-01-13T09:18:00.892Z",
                    "createdBy": "29",
                    "deletedBy": null,
                    "mediaName": "nobrand.jpg",
                    "updatedAt": "2026-01-13T09:18:00.892Z",
                    "updatedBy": null
                },
                "SKU": "43831",
                "inCart": false,
                "cartQuantity": 0,
                "ratingAverage": "0.00",
                "itemId": "ITFC29434DA5D1E",
                "isPOM": false,
                "is3rdParty": false,
                "maxLimitPerItem": 15,
                "imcWeight": "4.78",
                "salesFrequency30": "0",
                "priority": 1
            }
        ],
        "meta": {
            "totalItems": 124,
            "itemCount": 10,
            "itemsPerPage": 10,
            "totalPages": 13,
            "currentPage": 1
        }
    }
}
]]></system-out>
  </testcase>
  <testcase name="validateItemsResponse" classname="Tests.GetSpecialOfferListTest" time="1.514">
    <system-out><![CDATA[Test Pass-: Meta data validated successfully
]]></system-out>
  </testcase>
  <testcase name="validateFirstItemDetails" classname="Tests.GetSpecialOfferListTest" time="1.375">
    <system-out><![CDATA[Test Pass-: First item details validated successfully
]]></system-out>
  </testcase>
  <testcase name="validateMandatoryFieldsForAllItems" classname="Tests.GetSpecialOfferListTest" time="1.194">
    <system-out><![CDATA[Test Pass-: Mandatory fields validated for item with ID: 58
Test Pass-: Mandatory fields validated for item with ID: 150
Test Pass-: Mandatory fields validated for item with ID: 65
Test Pass-: Mandatory fields validated for item with ID: 41
Test Pass-: Mandatory fields validated for item with ID: 151
Test Pass-: Mandatory fields validated for item with ID: 68
Test Pass-: Mandatory fields validated for item with ID: 66
Test Pass-: Mandatory fields validated for item with ID: 57
Test Pass-: Mandatory fields validated for item with ID: 67
Test Pass-: Mandatory fields validated for item with ID: 143
]]></system-out>
  </testcase>
</testsuite>