<?xml version="1.0" encoding="UTF-8"?>
<!-- Generated by org.testng.reporters.JUnitReportReporter -->
<testsuite hostname="a-s-n526" failures="0" tests="5" name="Tests.GetUserProfileTest" time="8.501" errors="0" timestamp="2026-06-28T09:03:59 IST" skipped="0">
  <testcase classname="Tests.GetUserProfileTest" name="getUserProfileVerifySuccessfulResponse" time="2.042"/>
  <testcase classname="Tests.GetUserProfileTest" name="getUserProfileValidateResponseSchema" time="1.970"/>
  <testcase classname="Tests.GetUserProfileTest" name="getUserProfileValidateEmailFormat" time="1.409"/>
  <testcase classname="Tests.GetUserProfileTest" name="getUserProfileValidatePhoneNumberFormat" time="1.669"/>
  <testcase classname="Tests.GetUserProfileTest" name="getUserProfileValidateEnumValues" time="1.411"/>
</testsuite> <!-- Tests.GetUserProfileTest -->
