<?xml version="1.0" encoding="UTF-8"?>
<!-- Generated by org.testng.reporters.JUnitReportReporter -->
<testsuite hostname="a-s-n526" failures="0" tests="4" name="Tests.GetSpecialOfferListTest" time="5.089" errors="0" timestamp="2026-06-30T07:19:28 IST" skipped="0">
  <testcase classname="Tests.GetSpecialOfferListTest" name="getSpecialOfferList" time="1.149"/>
  <testcase classname="Tests.GetSpecialOfferListTest" name="validateItemsResponse" time="1.329"/>
  <testcase classname="Tests.GetSpecialOfferListTest" name="validateFirstItemDetails" time="1.290"/>
  <testcase classname="Tests.GetSpecialOfferListTest" name="validateMandatoryFieldsForAllItems" time="1.321"/>
</testsuite> <!-- Tests.GetSpecialOfferListTest -->
