<?xml version="1.0" encoding="UTF-8"?>
<!-- Generated by org.testng.reporters.JUnitReportReporter -->
<testsuite hostname="a-s-n526" failures="0" tests="4" name="Tests.GetSpecialOfferListTest" time="5.443" errors="0" timestamp="2026-06-30T07:08:47 IST" skipped="0">
  <testcase classname="Tests.GetSpecialOfferListTest" name="getSpecialOfferList" time="1.360"/>
  <testcase classname="Tests.GetSpecialOfferListTest" name="validateItemsResponse" time="1.518"/>
  <testcase classname="Tests.GetSpecialOfferListTest" name="validateFirstItemDetails" time="1.374"/>
  <testcase classname="Tests.GetSpecialOfferListTest" name="validateMandatoryFieldsForAllItems" time="1.191"/>
</testsuite> <!-- Tests.GetSpecialOfferListTest -->
