<?xml version="1.0" encoding="UTF-8"?>
<!-- Generated by org.testng.reporters.JUnitReportReporter -->
<testsuite hostname="a-s-n526" failures="0" tests="5" name="Tests.GetUserProfileTest" time="6.640" errors="0" timestamp="2026-06-27T08:46:52 IST" skipped="0">
  <testcase classname="Tests.GetUserProfileTest" name="getUserProfileVerifySuccessfulResponse" time="1.398"/>
  <testcase classname="Tests.GetUserProfileTest" name="getUserProfileValidateResponseSchema" time="1.595"/>
  <testcase classname="Tests.GetUserProfileTest" name="getUserProfileValidateEmailFormat" time="1.143"/>
  <testcase classname="Tests.GetUserProfileTest" name="getUserProfileValidatePhoneNumberFormat" time="1.297"/>
  <testcase classname="Tests.GetUserProfileTest" name="getUserProfileValidateEnumValues" time="1.207"/>
</testsuite> <!-- Tests.GetUserProfileTest -->
